Dec 12, 2024 12:57:16 PM pl.coderslab.Main main
INFO: Uruchomiono aplikację
Dec 12, 2024 12:57:16 PM pl.coderslab.files systemCheck
WARNING: Nie znaleziono pliku użytkowników. Rozpoczynam instalację.
Dec 12, 2024 12:57:27 PM pl.coderslab.users createAdminAccount
INFO: Rozpoczynam instalację systemu...
Dec 12, 2024 12:57:27 PM pl.coderslab.files install
INFO: Utworzono plik projektów: projects.csv
Dec 12, 2024 12:57:27 PM pl.coderslab.users createAdminAccount
INFO: Utworzono wszystkie pliki...
Dec 12, 2024 12:57:27 PM pl.coderslab.users createAdminAccount
INFO: Instalacja zakończona powodzeniem, możesz się zalogować.
Dec 12, 2024 12:57:27 PM pl.coderslab.http runHTTP
INFO: Uruchomiono serwer HTTP: http://localhost:8080/
Dec 12, 2024 12:57:30 PM pl.coderslab.Main lambda$main$1
INFO: Witaj a.golebiowski haslo!
Dec 12, 2024 1:01:52 PM pl.coderslab.Main main
INFO: Uruchomiono aplikację
Dec 12, 2024 1:01:52 PM pl.coderslab.files systemCheck
INFO: Weryfikacja plików zakończona powodzeniem.
Dec 12, 2024 1:01:52 PM pl.coderslab.http runHTTP
INFO: Uruchomiono serwer HTTP: http://localhost:8080/
Dec 12, 2024 1:01:56 PM pl.coderslab.users login
WARNING: Podano nieprawidłowe hasło!
Dec 12, 2024 1:02:00 PM pl.coderslab.Main lambda$main$1
INFO: Witaj a.golebiowski haslo!
Dec 12, 2024 1:02:04 PM pl.coderslab.projects commentsProject
SEVERE: Plik komentarzy prawdopodobnie jest uszkodzony! For input string: "1733933568135"
Dec 12, 2024 1:02:04 PM pl.coderslab.projects commentsProject
SEVERE: Plik komentarzy prawdopodobnie jest uszkodzony! For input string: "1733933568135"
Dec 12, 2024 1:02:04 PM pl.coderslab.projects commentsProject
SEVERE: Plik komentarzy prawdopodobnie jest uszkodzony! For input string: "1733933568135"
Dec 12, 2024 1:02:04 PM pl.coderslab.projects commentsProject
SEVERE: Plik komentarzy prawdopodobnie jest uszkodzony! For input string: "1733933568135"
Dec 12, 2024 1:02:04 PM pl.coderslab.projects commentsProject
SEVERE: Plik komentarzy prawdopodobnie jest uszkodzony! For input string: "1733933568135"
Dec 12, 2024 1:02:20 PM pl.coderslab.Main main
INFO: Uruchomiono aplikację
Dec 12, 2024 1:02:20 PM pl.coderslab.files systemCheck
INFO: Weryfikacja plików zakończona powodzeniem.
Dec 12, 2024 1:02:20 PM pl.coderslab.http runHTTP
INFO: Uruchomiono serwer HTTP: http://localhost:8080/
Dec 12, 2024 1:02:24 PM pl.coderslab.users login
WARNING: Podano nieprawidłowe hasło!
Dec 12, 2024 1:02:27 PM pl.coderslab.Main lambda$main$1
INFO: Witaj a.golebiowski haslo!
Dec 12, 2024 1:04:38 PM pl.coderslab.Main main
INFO: Uruchomiono aplikację
Dec 12, 2024 1:04:38 PM pl.coderslab.files systemCheck
INFO: Weryfikacja plików zakończona powodzeniem.
Dec 12, 2024 1:04:38 PM pl.coderslab.http runHTTP
INFO: Uruchomiono serwer HTTP: http://localhost:8080/
Dec 12, 2024 1:04:42 PM pl.coderslab.Main lambda$main$1
INFO: Witaj a.golebiowski haslo!
Dec 12, 2024 1:06:42 PM pl.coderslab.Main main
INFO: Uruchomiono aplikację
Dec 12, 2024 1:06:42 PM pl.coderslab.files systemCheck
INFO: Weryfikacja plików zakończona powodzeniem.
Dec 12, 2024 1:06:42 PM pl.coderslab.http runHTTP
INFO: Uruchomiono serwer HTTP: http://localhost:8080/
Dec 12, 2024 1:06:45 PM pl.coderslab.Main lambda$main$1
INFO: Witaj a.golebiowski haslo!
Dec 12, 2024 1:09:46 PM pl.coderslab.Main main
INFO: Uruchomiono aplikację
Dec 12, 2024 1:09:46 PM pl.coderslab.files systemCheck
INFO: Weryfikacja plików zakończona powodzeniem.
Dec 12, 2024 1:09:46 PM pl.coderslab.http runHTTP
INFO: Uruchomiono serwer HTTP: http://localhost:8080/
Dec 12, 2024 1:09:50 PM pl.coderslab.users login
WARNING: Podano nieprawidłowe hasło!
Dec 12, 2024 1:09:54 PM pl.coderslab.Main lambda$main$1
INFO: Witaj a.golebiowski haslo!
Dec 12, 2024 1:14:37 PM pl.coderslab.Main main
INFO: Uruchomiono aplikację
Dec 12, 2024 1:14:37 PM pl.coderslab.files systemCheck
INFO: Weryfikacja plików zakończona powodzeniem.
Dec 12, 2024 1:14:37 PM pl.coderslab.http runHTTP
INFO: Uruchomiono serwer HTTP: http://localhost:8080/
Dec 12, 2024 1:14:40 PM pl.coderslab.Main lambda$main$1
INFO: Witaj a.golebiowski haslo!
Dec 12, 2024 1:15:33 PM pl.coderslab.Main main
INFO: Uruchomiono aplikację
Dec 12, 2024 1:15:34 PM pl.coderslab.files systemCheck
INFO: Weryfikacja plików zakończona powodzeniem.
Dec 12, 2024 1:15:34 PM pl.coderslab.http runHTTP
INFO: Uruchomiono serwer HTTP: http://localhost:8080/
Dec 12, 2024 1:15:36 PM pl.coderslab.Main lambda$main$1
INFO: Witaj a.golebiowski haslo!
Dec 12, 2024 1:16:00 PM pl.coderslab.Main main
INFO: Uruchomiono aplikację
Dec 12, 2024 1:16:00 PM pl.coderslab.files systemCheck
INFO: Weryfikacja plików zakończona powodzeniem.
Dec 12, 2024 1:16:00 PM pl.coderslab.http runHTTP
INFO: Uruchomiono serwer HTTP: http://localhost:8080/
Dec 12, 2024 1:16:04 PM pl.coderslab.Main lambda$main$1
INFO: Witaj a.golebiowski haslo!
Dec 12, 2024 1:18:01 PM pl.coderslab.Main main
INFO: Uruchomiono aplikację
Dec 12, 2024 1:18:01 PM pl.coderslab.files systemCheck
INFO: Weryfikacja plików zakończona powodzeniem.
Dec 12, 2024 1:18:01 PM pl.coderslab.http runHTTP
INFO: Uruchomiono serwer HTTP: http://localhost:8080/
Dec 12, 2024 1:18:05 PM pl.coderslab.Main lambda$main$1
INFO: Witaj a.golebiowski haslo!
Dec 12, 2024 1:22:04 PM pl.coderslab.Main main
INFO: Uruchomiono aplikację
Dec 12, 2024 1:22:04 PM pl.coderslab.files systemCheck
INFO: Weryfikacja plików zakończona powodzeniem.
Dec 12, 2024 1:22:04 PM pl.coderslab.http runHTTP
INFO: Uruchomiono serwer HTTP: http://localhost:8080/
Dec 12, 2024 1:22:08 PM pl.coderslab.users login
WARNING: Podano nieprawidłowe hasło!
Dec 12, 2024 1:22:11 PM pl.coderslab.Main lambda$main$1
INFO: Witaj a.golebiowski haslo!
Dec 12, 2024 1:23:14 PM pl.coderslab.Main main
INFO: Uruchomiono aplikację
Dec 12, 2024 1:23:14 PM pl.coderslab.files systemCheck
INFO: Weryfikacja plików zakończona powodzeniem.
Dec 12, 2024 1:23:14 PM pl.coderslab.http runHTTP
INFO: Uruchomiono serwer HTTP: http://localhost:8080/
Dec 12, 2024 1:23:18 PM pl.coderslab.users login
WARNING: Podano nieprawidłowe hasło!
Dec 12, 2024 1:23:22 PM pl.coderslab.Main lambda$main$1
INFO: Witaj a.golebiowski haslo!
Dec 12, 2024 1:28:27 PM pl.coderslab.Main main
INFO: Uruchomiono aplikację
Dec 12, 2024 1:28:27 PM pl.coderslab.files systemCheck
INFO: Weryfikacja plików zakończona powodzeniem.
Dec 12, 2024 1:28:27 PM pl.coderslab.http runHTTP
INFO: Uruchomiono serwer HTTP: http://localhost:8080/
Dec 12, 2024 1:28:30 PM pl.coderslab.Main lambda$main$1
INFO: Witaj a.golebiowski haslo!
Dec 12, 2024 1:29:02 PM pl.coderslab.Main main
INFO: Uruchomiono aplikację
Dec 12, 2024 1:29:02 PM pl.coderslab.files systemCheck
INFO: Weryfikacja plików zakończona powodzeniem.
Dec 12, 2024 1:29:02 PM pl.coderslab.http runHTTP
INFO: Uruchomiono serwer HTTP: http://localhost:8080/
Dec 12, 2024 1:29:05 PM pl.coderslab.Main lambda$main$1
INFO: Witaj a.golebiowski haslo!
Dec 12, 2024 1:30:39 PM pl.coderslab.Main main
INFO: Uruchomiono aplikację
Dec 12, 2024 1:30:39 PM pl.coderslab.files systemCheck
INFO: Weryfikacja plików zakończona powodzeniem.
Dec 12, 2024 1:30:39 PM pl.coderslab.http runHTTP
INFO: Uruchomiono serwer HTTP: http://localhost:8080/
Dec 12, 2024 1:30:43 PM pl.coderslab.Main lambda$main$1
INFO: Witaj a.golebiowski haslo!
Dec 12, 2024 1:34:45 PM pl.coderslab.Main main
INFO: Uruchomiono aplikację
Dec 12, 2024 1:34:45 PM pl.coderslab.files systemCheck
INFO: Weryfikacja plików zakończona powodzeniem.
Dec 12, 2024 1:34:45 PM pl.coderslab.http runHTTP
INFO: Uruchomiono serwer HTTP: http://localhost:8080/
Dec 12, 2024 1:34:48 PM pl.coderslab.Main lambda$main$1
INFO: Witaj a.golebiowski haslo!
Dec 12, 2024 1:35:00 PM pl.coderslab.projects commentProject
INFO: Pomyślnie dodano komentarz!
Dec 12, 2024 1:35:24 PM pl.coderslab.projects commentProject
INFO: Pomyślnie dodano komentarz!
Dec 12, 2024 1:58:07 PM pl.coderslab.Main main
INFO: Uruchomiono aplikację
Dec 12, 2024 1:58:07 PM pl.coderslab.files systemCheck
INFO: Weryfikacja plików zakończona powodzeniem.
Dec 12, 2024 1:58:07 PM pl.coderslab.http runHTTP
INFO: Uruchomiono serwer HTTP: http://localhost:8080/
Dec 12, 2024 1:58:28 PM pl.coderslab.Main main
INFO: Uruchomiono aplikację
Dec 12, 2024 1:58:28 PM pl.coderslab.files systemCheck
INFO: Weryfikacja plików zakończona powodzeniem.
Dec 12, 2024 1:58:28 PM pl.coderslab.http runHTTP
INFO: Uruchomiono serwer HTTP: http://localhost:8080/
Dec 12, 2024 1:59:24 PM pl.coderslab.Main main
INFO: Uruchomiono aplikację
Dec 12, 2024 1:59:24 PM pl.coderslab.files systemCheck
INFO: Weryfikacja plików zakończona powodzeniem.
Dec 12, 2024 1:59:24 PM pl.coderslab.http runHTTP
INFO: Uruchomiono serwer HTTP: http://localhost:8080/
Dec 12, 2024 2:03:41 PM pl.coderslab.Main main
INFO: Uruchomiono aplikację
Dec 12, 2024 2:03:41 PM pl.coderslab.files systemCheck
INFO: Weryfikacja plików zakończona powodzeniem.
Dec 12, 2024 2:03:41 PM pl.coderslab.http runHTTP
INFO: Uruchomiono serwer HTTP: http://localhost:8080/
Dec 12, 2024 2:04:40 PM pl.coderslab.Main main
INFO: Uruchomiono aplikację
Dec 12, 2024 2:04:40 PM pl.coderslab.files systemCheck
INFO: Weryfikacja plików zakończona powodzeniem.
Dec 12, 2024 2:04:40 PM pl.coderslab.http runHTTP
INFO: Uruchomiono serwer HTTP: http://localhost:8080/
Dec 12, 2024 2:05:37 PM pl.coderslab.Main main
INFO: Uruchomiono aplikację
Dec 12, 2024 2:05:37 PM pl.coderslab.files systemCheck
INFO: Weryfikacja plików zakończona powodzeniem.
Dec 12, 2024 2:05:37 PM pl.coderslab.http runHTTP
INFO: Uruchomiono serwer HTTP: http://localhost:8080/
Dec 12, 2024 2:05:46 PM pl.coderslab.Main main
INFO: Uruchomiono aplikację
Dec 12, 2024 2:05:46 PM pl.coderslab.files systemCheck
INFO: Weryfikacja plików zakończona powodzeniem.
Dec 12, 2024 2:05:46 PM pl.coderslab.http runHTTP
INFO: Uruchomiono serwer HTTP: http://localhost:8080/
Dec 12, 2024 2:06:01 PM pl.coderslab.Main main
INFO: Uruchomiono aplikację
Dec 12, 2024 2:06:01 PM pl.coderslab.files systemCheck
INFO: Weryfikacja plików zakończona powodzeniem.
Dec 12, 2024 2:06:01 PM pl.coderslab.http runHTTP
INFO: Uruchomiono serwer HTTP: http://localhost:8080/
Dec 12, 2024 2:06:16 PM pl.coderslab.Main main
INFO: Uruchomiono aplikację
Dec 12, 2024 2:06:16 PM pl.coderslab.files systemCheck
INFO: Weryfikacja plików zakończona powodzeniem.
Dec 12, 2024 2:06:16 PM pl.coderslab.http runHTTP
INFO: Uruchomiono serwer HTTP: http://localhost:8080/
Dec 12, 2024 2:07:21 PM pl.coderslab.Main main
INFO: Uruchomiono aplikację
Dec 12, 2024 2:07:21 PM pl.coderslab.files systemCheck
INFO: Weryfikacja plików zakończona powodzeniem.
Dec 12, 2024 2:07:21 PM pl.coderslab.http runHTTP
INFO: Uruchomiono serwer HTTP: http://localhost:8080/
Dec 12, 2024 2:10:54 PM pl.coderslab.Main main
INFO: Uruchomiono aplikację
Dec 12, 2024 2:10:54 PM pl.coderslab.files systemCheck
INFO: Weryfikacja plików zakończona powodzeniem.
Dec 12, 2024 2:10:54 PM pl.coderslab.http runHTTP
INFO: Uruchomiono serwer HTTP: http://localhost:8080/
Dec 12, 2024 2:34:24 PM pl.coderslab.Main main
INFO: Uruchomiono aplikację
Dec 12, 2024 2:34:24 PM pl.coderslab.files systemCheck
INFO: Weryfikacja plików zakończona powodzeniem.
Dec 12, 2024 2:34:24 PM pl.coderslab.http runHTTP
INFO: Uruchomiono serwer HTTP: http://localhost:8080/
Dec 12, 2024 2:34:35 PM pl.coderslab.Main lambda$main$1
INFO: Witaj a.golebiowski haslo!
Dec 12, 2024 2:35:55 PM pl.coderslab.Main main
INFO: Uruchomiono aplikację
Dec 12, 2024 2:35:55 PM pl.coderslab.files systemCheck
INFO: Weryfikacja plików zakończona powodzeniem.
Dec 12, 2024 2:35:55 PM pl.coderslab.http runHTTP
INFO: Uruchomiono serwer HTTP: http://localhost:8080/
Dec 12, 2024 2:38:10 PM pl.coderslab.Main main
INFO: Uruchomiono aplikację
Dec 12, 2024 2:38:10 PM pl.coderslab.files systemCheck
INFO: Weryfikacja plików zakończona powodzeniem.
Dec 12, 2024 2:38:10 PM pl.coderslab.http runHTTP
INFO: Uruchomiono serwer HTTP: http://localhost:8080/
Dec 12, 2024 2:40:27 PM pl.coderslab.Main main
INFO: Uruchomiono aplikację
Dec 12, 2024 2:40:27 PM pl.coderslab.files systemCheck
INFO: Weryfikacja plików zakończona powodzeniem.
Dec 12, 2024 2:40:27 PM pl.coderslab.http runHTTP
INFO: Uruchomiono serwer HTTP: http://localhost:8080/
Dec 12, 2024 2:42:07 PM pl.coderslab.Main main
INFO: Uruchomiono aplikację
Dec 12, 2024 2:42:07 PM pl.coderslab.files systemCheck
INFO: Weryfikacja plików zakończona powodzeniem.
Dec 12, 2024 2:42:07 PM pl.coderslab.http runHTTP
INFO: Uruchomiono serwer HTTP: http://localhost:8080/
Dec 12, 2024 2:43:09 PM pl.coderslab.Main main
INFO: Uruchomiono aplikację
Dec 12, 2024 2:43:09 PM pl.coderslab.files systemCheck
INFO: Weryfikacja plików zakończona powodzeniem.
Dec 12, 2024 2:43:09 PM pl.coderslab.http runHTTP
INFO: Uruchomiono serwer HTTP: http://localhost:8080/
Dec 12, 2024 2:44:25 PM pl.coderslab.Main main
INFO: Uruchomiono aplikację
Dec 12, 2024 2:44:25 PM pl.coderslab.files systemCheck
INFO: Weryfikacja plików zakończona powodzeniem.
Dec 12, 2024 2:44:25 PM pl.coderslab.http runHTTP
INFO: Uruchomiono serwer HTTP: http://localhost:8080/
Dec 12, 2024 2:45:22 PM pl.coderslab.Main main
INFO: Uruchomiono aplikację
Dec 12, 2024 2:45:22 PM pl.coderslab.files systemCheck
INFO: Weryfikacja plików zakończona powodzeniem.
Dec 12, 2024 2:45:22 PM pl.coderslab.http runHTTP
INFO: Uruchomiono serwer HTTP: http://localhost:8080/
Dec 12, 2024 2:46:33 PM pl.coderslab.Main main
INFO: Uruchomiono aplikację
Dec 12, 2024 2:46:33 PM pl.coderslab.files systemCheck
INFO: Weryfikacja plików zakończona powodzeniem.
Dec 12, 2024 2:46:33 PM pl.coderslab.http runHTTP
INFO: Uruchomiono serwer HTTP: http://localhost:8080/
Dec 12, 2024 2:48:10 PM pl.coderslab.Main main
INFO: Uruchomiono aplikację
Dec 12, 2024 2:48:10 PM pl.coderslab.files systemCheck
INFO: Weryfikacja plików zakończona powodzeniem.
Dec 12, 2024 2:48:10 PM pl.coderslab.http runHTTP
INFO: Uruchomiono serwer HTTP: http://localhost:8080/
Dec 12, 2024 2:48:28 PM pl.coderslab.Main main
INFO: Uruchomiono aplikację
Dec 12, 2024 2:48:28 PM pl.coderslab.files systemCheck
INFO: Weryfikacja plików zakończona powodzeniem.
Dec 12, 2024 2:48:28 PM pl.coderslab.http runHTTP
INFO: Uruchomiono serwer HTTP: http://localhost:8080/
Dec 12, 2024 2:49:08 PM pl.coderslab.Main main
INFO: Uruchomiono aplikację
Dec 12, 2024 2:49:08 PM pl.coderslab.files systemCheck
INFO: Weryfikacja plików zakończona powodzeniem.
Dec 12, 2024 2:49:08 PM pl.coderslab.http runHTTP
INFO: Uruchomiono serwer HTTP: http://localhost:8080/
Dec 12, 2024 2:49:46 PM pl.coderslab.Main main
INFO: Uruchomiono aplikację
Dec 12, 2024 2:49:46 PM pl.coderslab.files systemCheck
INFO: Weryfikacja plików zakończona powodzeniem.
Dec 12, 2024 2:49:46 PM pl.coderslab.http runHTTP
INFO: Uruchomiono serwer HTTP: http://localhost:8080/
Dec 12, 2024 2:51:03 PM pl.coderslab.Main main
INFO: Uruchomiono aplikację
Dec 12, 2024 2:51:03 PM pl.coderslab.files systemCheck
INFO: Weryfikacja plików zakończona powodzeniem.
Dec 12, 2024 2:51:03 PM pl.coderslab.http runHTTP
INFO: Uruchomiono serwer HTTP: http://localhost:8080/
Dec 12, 2024 2:51:33 PM pl.coderslab.Main main
INFO: Uruchomiono aplikację
Dec 12, 2024 2:51:33 PM pl.coderslab.files systemCheck
INFO: Weryfikacja plików zakończona powodzeniem.
Dec 12, 2024 2:51:33 PM pl.coderslab.http runHTTP
INFO: Uruchomiono serwer HTTP: http://localhost:8080/
Dec 12, 2024 2:53:18 PM pl.coderslab.Main main
INFO: Uruchomiono aplikację
Dec 12, 2024 2:53:18 PM pl.coderslab.files systemCheck
INFO: Weryfikacja plików zakończona powodzeniem.
Dec 12, 2024 2:53:18 PM pl.coderslab.http runHTTP
INFO: Uruchomiono serwer HTTP: http://localhost:8080/
Dec 12, 2024 2:54:23 PM pl.coderslab.Main main
INFO: Uruchomiono aplikację
Dec 12, 2024 2:54:23 PM pl.coderslab.files systemCheck
INFO: Weryfikacja plików zakończona powodzeniem.
Dec 12, 2024 2:54:23 PM pl.coderslab.http runHTTP
INFO: Uruchomiono serwer HTTP: http://localhost:8080/
Dec 12, 2024 2:55:08 PM pl.coderslab.Main main
INFO: Uruchomiono aplikację
Dec 12, 2024 2:55:08 PM pl.coderslab.files systemCheck
INFO: Weryfikacja plików zakończona powodzeniem.
Dec 12, 2024 2:55:08 PM pl.coderslab.http runHTTP
INFO: Uruchomiono serwer HTTP: http://localhost:8080/
Dec 12, 2024 2:55:34 PM pl.coderslab.Main main
INFO: Uruchomiono aplikację
Dec 12, 2024 2:55:34 PM pl.coderslab.files systemCheck
INFO: Weryfikacja plików zakończona powodzeniem.
Dec 12, 2024 2:55:34 PM pl.coderslab.http runHTTP
INFO: Uruchomiono serwer HTTP: http://localhost:8080/
Dec 12, 2024 2:58:20 PM pl.coderslab.Main main
INFO: Uruchomiono aplikację
Dec 12, 2024 2:58:20 PM pl.coderslab.files systemCheck
INFO: Weryfikacja plików zakończona powodzeniem.
Dec 12, 2024 2:58:20 PM pl.coderslab.http runHTTP
INFO: Uruchomiono serwer HTTP: http://localhost:8080/
Dec 12, 2024 2:58:21 PM pl.coderslab.http runHTTP
SEVERE: Błąd serwera HTTP: Index 16 out of bounds for length 14
Dec 12, 2024 2:58:45 PM pl.coderslab.Main main
INFO: Uruchomiono aplikację
Dec 12, 2024 2:58:45 PM pl.coderslab.files systemCheck
INFO: Weryfikacja plików zakończona powodzeniem.
Dec 12, 2024 2:58:45 PM pl.coderslab.http runHTTP
INFO: Uruchomiono serwer HTTP: http://localhost:8080/
Dec 12, 2024 2:59:10 PM pl.coderslab.Main main
INFO: Uruchomiono aplikację
Dec 12, 2024 2:59:10 PM pl.coderslab.files systemCheck
INFO: Weryfikacja plików zakończona powodzeniem.
Dec 12, 2024 2:59:10 PM pl.coderslab.http runHTTP
INFO: Uruchomiono serwer HTTP: http://localhost:8080/
Dec 12, 2024 3:00:08 PM pl.coderslab.Main main
INFO: Uruchomiono aplikację
Dec 12, 2024 3:00:08 PM pl.coderslab.files systemCheck
INFO: Weryfikacja plików zakończona powodzeniem.
Dec 12, 2024 3:00:08 PM pl.coderslab.http runHTTP
INFO: Uruchomiono serwer HTTP: http://localhost:8080/
Dec 12, 2024 3:01:40 PM pl.coderslab.Main main
INFO: Uruchomiono aplikację
Dec 12, 2024 3:01:40 PM pl.coderslab.files systemCheck
INFO: Weryfikacja plików zakończona powodzeniem.
Dec 12, 2024 3:01:40 PM pl.coderslab.http runHTTP
INFO: Uruchomiono serwer HTTP: http://localhost:8080/
Dec 12, 2024 3:01:58 PM pl.coderslab.Main main
INFO: Uruchomiono aplikację
Dec 12, 2024 3:01:58 PM pl.coderslab.files systemCheck
INFO: Weryfikacja plików zakończona powodzeniem.
Dec 12, 2024 3:01:58 PM pl.coderslab.http runHTTP
INFO: Uruchomiono serwer HTTP: http://localhost:8080/
Dec 12, 2024 3:04:41 PM pl.coderslab.Main main
INFO: Uruchomiono aplikację
Dec 12, 2024 3:04:41 PM pl.coderslab.files systemCheck
INFO: Weryfikacja plików zakończona powodzeniem.
Dec 12, 2024 3:04:41 PM pl.coderslab.http runHTTP
INFO: Uruchomiono serwer HTTP: http://localhost:8080/
Dec 12, 2024 3:07:35 PM pl.coderslab.Main main
INFO: Uruchomiono aplikację
Dec 12, 2024 3:07:35 PM pl.coderslab.files systemCheck
INFO: Weryfikacja plików zakończona powodzeniem.
Dec 12, 2024 3:07:35 PM pl.coderslab.http runHTTP
INFO: Uruchomiono serwer HTTP: http://localhost:8080/
Dec 12, 2024 3:09:58 PM pl.coderslab.Main main
INFO: Uruchomiono aplikację
Dec 12, 2024 3:09:58 PM pl.coderslab.files systemCheck
INFO: Weryfikacja plików zakończona powodzeniem.
Dec 12, 2024 3:09:58 PM pl.coderslab.http runHTTP
INFO: Uruchomiono serwer HTTP: http://localhost:8080/
Dec 12, 2024 3:10:23 PM pl.coderslab.Main main
INFO: Uruchomiono aplikację
Dec 12, 2024 3:10:23 PM pl.coderslab.files systemCheck
INFO: Weryfikacja plików zakończona powodzeniem.
Dec 12, 2024 3:10:23 PM pl.coderslab.http runHTTP
INFO: Uruchomiono serwer HTTP: http://localhost:8080/
Dec 12, 2024 3:10:54 PM pl.coderslab.Main main
INFO: Uruchomiono aplikację
Dec 12, 2024 3:10:55 PM pl.coderslab.files systemCheck
INFO: Weryfikacja plików zakończona powodzeniem.
Dec 12, 2024 3:10:55 PM pl.coderslab.http runHTTP
INFO: Uruchomiono serwer HTTP: http://localhost:8080/
Dec 12, 2024 3:11:21 PM pl.coderslab.Main main
INFO: Uruchomiono aplikację
Dec 12, 2024 3:11:21 PM pl.coderslab.files systemCheck
INFO: Weryfikacja plików zakończona powodzeniem.
Dec 12, 2024 3:11:21 PM pl.coderslab.http runHTTP
INFO: Uruchomiono serwer HTTP: http://localhost:8080/
Dec 12, 2024 3:11:51 PM pl.coderslab.Main main
INFO: Uruchomiono aplikację
Dec 12, 2024 3:11:51 PM pl.coderslab.files systemCheck
INFO: Weryfikacja plików zakończona powodzeniem.
Dec 12, 2024 3:11:51 PM pl.coderslab.http runHTTP
INFO: Uruchomiono serwer HTTP: http://localhost:8080/
Dec 12, 2024 3:15:00 PM pl.coderslab.Main main
INFO: Uruchomiono aplikację
Dec 12, 2024 3:15:00 PM pl.coderslab.files systemCheck
INFO: Weryfikacja plików zakończona powodzeniem.
Dec 12, 2024 3:15:00 PM pl.coderslab.http runHTTP
INFO: Uruchomiono serwer HTTP: http://localhost:8080/
Dec 12, 2024 3:15:46 PM pl.coderslab.Main main
INFO: Uruchomiono aplikację
Dec 12, 2024 3:15:46 PM pl.coderslab.files systemCheck
INFO: Weryfikacja plików zakończona powodzeniem.
Dec 12, 2024 3:15:46 PM pl.coderslab.http runHTTP
INFO: Uruchomiono serwer HTTP: http://localhost:8080/
